#
# A fatal error has been detected by the Java Runtime Environment:
#
#  EXCEPTION_STACK_OVERFLOW (0xc00000fd) at pc=0x0000000066d24d07, pid=33968, tid=0x0000000000008268
#
# JRE version: Java(TM) SE Runtime Environment (8.0_221-b11) (build 1.8.0_221-b11)
# Java VM: Java HotSpot(TM) 64-Bit Server VM (25.221-b11 mixed mode windows-amd64 compressed oops)
# Problematic frame:
# V  [jvm.dll+0x214d07]
#
# Failed to write core dump. Minidumps are not enabled by default on client versions of Windows
#
# If you would like to submit a bug report, please visit:
#   http://bugreport.java.com/bugreport/crash.jsp
#

---------------  T H R E A D  ---------------

Current thread (0x0000000020726800):  JavaThread "http-nio-8800-exec-25" daemon [_thread_in_vm, id=33384, stack(0x00000000254f0000,0x00000000255f0000)]

siginfo: ExceptionCode=0xc00000fd, ExceptionInformation=0x0000000000000001 0x00000000255ed7e0 

Registers:
RAX=0x00000000255ed7e0, RBX=0x0000000000000003, RCX=0x0000000000002000, RDX=0x0000000000000006
RSP=0x00000000255ef7e0, RBP=0x0000000000000000, RSI=0x00000000255ef7e0, RDI=0x0000000000000003
R8 =0x0000000000000006, R9 =0x0000000020582dc0, R10=0x000000001bb4e3c0, R11=0x00000000254fa148
R12=0x0000000020582dc0, R13=0x0000000020726800, R14=0x00000000255ef8a8, R15=0x000000001bb4e3c0
RIP=0x0000000066d24d07, EFLAGS=0x0000000000010202

Top of Stack: (sp=0x00000000255ef7e0)
0x00000000255ef7e0:   00004a9619b9bfaf 00000007c0006c48
0x00000000255ef7f0:   0000000020726800 0000000020582dc0
0x00000000255ef800:   00000000ffffffff 0000000066d25c37
0x00000000255ef810:   00000000255ef910 000000001bb4e3c0
0x00000000255ef820:   0000000020726800 0000000066bd1013
0x00000000255ef830:   00000000255ef870 0000000020726800
0x00000000255ef840:   00000000255ef900 0000000020726800
0x00000000255ef850:   000000001bb4e3c0 0000000020726800
0x00000000255ef860:   0000000002b03be0 0000000020726800
0x00000000255ef870:   000000001bb4e3c0 0000000020726800
0x00000000255ef880:   000000001bb4e3c0 0000000020726800
0x00000000255ef890:   0000000000000001 000000001bb4e3c0
0x00000000255ef8a0:   0000000020726800 000000001ebf8070
0x00000000255ef8b0:   0000000020726800 0000000066bd277d
0x00000000255ef8c0:   00000000255efbc8 00000007c0006c48
0x00000000255ef8d0:   00000007c0422908 00007ff98a382e1a 

Instructions: (pc=0x0000000066d24d07)
0x0000000066d24ce7:   48 89 6c 24 30 33 ed 66 90 e8 2b 5e 08 00 ff c3
0x0000000066d24cf7:   48 63 c8 48 8b c6 48 0f af cf 48 ff c7 48 2b c1
0x0000000066d24d07:   89 28 48 63 c3 48 3b 05 95 ab 59 00 7e db 48 8b
0x0000000066d24d17:   6c 24 30 48 8b 5c 24 38 48 8b 74 24 40 48 83 c4 


Register to memory mapping:

RAX=0x00000000255ed7e0 is pointing into the stack for thread: 0x0000000020726800
RBX=0x0000000000000003 is an unknown value
RCX=0x0000000000002000 is an unknown value
RDX=0x0000000000000006 is an unknown value
RSP=0x00000000255ef7e0 is pointing into the stack for thread: 0x0000000020726800
RBP=0x0000000000000000 is an unknown value
RSI=0x00000000255ef7e0 is pointing into the stack for thread: 0x0000000020726800
RDI=0x0000000000000003 is an unknown value
R8 =0x0000000000000006 is an unknown value
R9 =0x0000000020582dc0 is an unknown value
R10={method} {0x000000001bb4e3c8} 'run' '()V' in 'java/lang/Thread'
R11=0x00000000254fa148 is pointing into the stack for thread: 0x0000000020726800
R12=0x0000000020582dc0 is an unknown value
R13=0x0000000020726800 is a thread
R14=0x00000000255ef8a8 is pointing into the stack for thread: 0x0000000020726800
R15={method} {0x000000001bb4e3c8} 'run' '()V' in 'java/lang/Thread'


Stack: [0x00000000254f0000,0x00000000255f0000],  sp=0x00000000255ef7e0,  free space=1021k
Native frames: (J=compiled Java code, j=interpreted, Vv=VM code, C=native code)


---------------  P R O C E S S  ---------------

Java Threads: ( => current thread )
  0x0000000020722000 JavaThread "http-nio-8800-exec-28" daemon [_thread_blocked, id=35180, stack(0x00000000257f0000,0x00000000258f0000)]
  0x0000000020728000 JavaThread "http-nio-8800-exec-27" daemon [_thread_blocked, id=30124, stack(0x00000000256f0000,0x00000000257f0000)]
  0x0000000020727000 JavaThread "http-nio-8800-exec-26" daemon [_thread_blocked, id=45740, stack(0x00000000255f0000,0x00000000256f0000)]
=>0x0000000020726800 JavaThread "http-nio-8800-exec-25" daemon [_thread_in_vm, id=33384, stack(0x00000000254f0000,0x00000000255f0000)]
  0x000000002071f800 JavaThread "http-nio-8800-exec-24" daemon [_thread_blocked, id=47244, stack(0x00000000253f0000,0x00000000254f0000)]
  0x0000000020725800 JavaThread "http-nio-8800-exec-23" daemon [_thread_blocked, id=39960, stack(0x00000000252f0000,0x00000000253f0000)]
  0x0000000020725000 JavaThread "http-nio-8800-exec-22" daemon [_thread_blocked, id=47656, stack(0x00000000251f0000,0x00000000252f0000)]
  0x000000002071f000 JavaThread "http-nio-8800-exec-21" daemon [_thread_blocked, id=47064, stack(0x00000000250f0000,0x00000000251f0000)]
  0x0000000020721000 JavaThread "http-nio-8800-exec-20" daemon [_thread_blocked, id=35120, stack(0x0000000024ff0000,0x00000000250f0000)]
  0x0000000020724000 JavaThread "http-nio-8800-exec-19" daemon [_thread_blocked, id=26300, stack(0x0000000024ef0000,0x0000000024ff0000)]
  0x0000000020722800 JavaThread "http-nio-8800-exec-18" daemon [_thread_blocked, id=50836, stack(0x0000000024df0000,0x0000000024ef0000)]
  0x0000000020723800 JavaThread "http-nio-8800-exec-17" daemon [_thread_blocked, id=48920, stack(0x0000000024cf0000,0x0000000024df0000)]
  0x0000000020720800 JavaThread "http-nio-8800-exec-16" daemon [_thread_blocked, id=32616, stack(0x0000000024bf0000,0x0000000024cf0000)]
  0x0000000020ca8000 JavaThread "http-nio-8800-exec-15" daemon [_thread_blocked, id=21500, stack(0x0000000024af0000,0x0000000024bf0000)]
  0x0000000020e8e800 JavaThread "http-nio-8800-exec-14" daemon [_thread_blocked, id=46520, stack(0x00000000249f0000,0x0000000024af0000)]
  0x0000000020e87000 JavaThread "http-nio-8800-exec-13" daemon [_thread_blocked, id=47048, stack(0x00000000248f0000,0x00000000249f0000)]
  0x0000000020e8d800 JavaThread "http-nio-8800-exec-12" daemon [_thread_blocked, id=42776, stack(0x00000000247f0000,0x00000000248f0000)]
  0x0000000020e8d000 JavaThread "http-nio-8800-exec-11" daemon [_thread_blocked, id=45316, stack(0x0000000022bf0000,0x0000000022cf0000)]
  0x0000000020e88800 JavaThread "RMI TCP Connection(idle)" daemon [_thread_blocked, id=10308, stack(0x00000000246f0000,0x00000000247f0000)]
  0x0000000020e89000 JavaThread "RMI TCP Connection(idle)" daemon [_thread_blocked, id=22552, stack(0x00000000245f0000,0x00000000246f0000)]
  0x0000000020e8b800 JavaThread "DestroyJavaVM" [_thread_blocked, id=40104, stack(0x00000000026e0000,0x00000000027e0000)]
  0x0000000020e8c000 JavaThread "http-nio-8800-Acceptor" daemon [_thread_blocked, id=37584, stack(0x00000000244f0000,0x00000000245f0000)]
  0x0000000020e8a000 JavaThread "http-nio-8800-ClientPoller" daemon [_thread_blocked, id=43912, stack(0x00000000243f0000,0x00000000244f0000)]
  0x0000000020e87800 JavaThread "http-nio-8800-exec-10" daemon [_thread_blocked, id=35792, stack(0x00000000242f0000,0x00000000243f0000)]
  0x0000000020e8a800 JavaThread "http-nio-8800-exec-9" daemon [_thread_blocked, id=49960, stack(0x00000000241f0000,0x00000000242f0000)]
  0x0000000020e7f800 JavaThread "http-nio-8800-exec-8" daemon [_thread_blocked, id=28748, stack(0x00000000240f0000,0x00000000241f0000)]
  0x0000000020e85800 JavaThread "http-nio-8800-exec-7" daemon [_thread_blocked, id=23036, stack(0x0000000023ff0000,0x00000000240f0000)]
  0x0000000020e86000 JavaThread "http-nio-8800-exec-6" daemon [_thread_blocked, id=30628, stack(0x0000000023ef0000,0x0000000023ff0000)]
  0x0000000020e84800 JavaThread "http-nio-8800-exec-5" daemon [_thread_blocked, id=45716, stack(0x0000000023df0000,0x0000000023ef0000)]
  0x0000000020e84000 JavaThread "http-nio-8800-exec-4" daemon [_thread_blocked, id=15864, stack(0x0000000023cf0000,0x0000000023df0000)]
  0x0000000020e82800 JavaThread "http-nio-8800-exec-3" daemon [_thread_blocked, id=24608, stack(0x0000000023bf0000,0x0000000023cf0000)]
  0x0000000020e81800 JavaThread "http-nio-8800-exec-2" daemon [_thread_blocked, id=41500, stack(0x0000000023af0000,0x0000000023bf0000)]
  0x0000000020e81000 JavaThread "http-nio-8800-exec-1" daemon [_thread_blocked, id=20484, stack(0x00000000239f0000,0x0000000023af0000)]
  0x0000000020e83000 JavaThread "http-nio-8800-BlockPoller" daemon [_thread_in_native, id=6044, stack(0x00000000238f0000,0x00000000239f0000)]
  0x0000000020e80000 JavaThread "update-cache-thread" daemon [_thread_blocked, id=52532, stack(0x00000000235f0000,0x00000000236f0000)]
  0x0000000020cab000 JavaThread "ForkJoinPool.commonPool-worker-5" daemon [_thread_blocked, id=30492, stack(0x0000000022ef0000,0x0000000022ff0000)]
  0x0000000020ca9800 JavaThread "ForkJoinPool.commonPool-worker-4" daemon [_thread_blocked, id=38676, stack(0x0000000022df0000,0x0000000022ef0000)]
  0x0000000020caa000 JavaThread "ForkJoinPool.commonPool-worker-3" daemon [_thread_blocked, id=45764, stack(0x0000000022cf0000,0x0000000022df0000)]
  0x0000000020ca8800 JavaThread "ForkJoinPool.commonPool-worker-1" daemon [_thread_blocked, id=51324, stack(0x0000000022af0000,0x0000000022bf0000)]
  0x0000000020ca4800 JavaThread "Druid-ConnectionPool-Destroy-1244775150" daemon [_thread_blocked, id=40948, stack(0x00000000229f0000,0x0000000022af0000)]
  0x0000000020d2b000 JavaThread "Druid-ConnectionPool-Create-1244775150" daemon [_thread_blocked, id=21764, stack(0x00000000228f0000,0x00000000229f0000)]
  0x0000000020c56800 JavaThread "mysql-cj-abandoned-connection-cleanup" daemon [_thread_blocked, id=26764, stack(0x00000000224f0000,0x00000000225f0000)]
  0x0000000020ae8000 JavaThread "container-0" [_thread_blocked, id=36216, stack(0x00000000221f0000,0x00000000222f0000)]
  0x0000000020a65000 JavaThread "Catalina-utility-2" [_thread_blocked, id=39516, stack(0x00000000220f0000,0x00000000221f0000)]
  0x0000000020b68800 JavaThread "Catalina-utility-1" [_thread_blocked, id=34096, stack(0x0000000021ff0000,0x00000000220f0000)]
  0x000000001f18a000 JavaThread "RMI Scheduler(0)" daemon [_thread_blocked, id=35608, stack(0x00000000218f0000,0x00000000219f0000)]
  0x000000001e55f800 JavaThread "RMI TCP Connection(4)-192.168.2.101" daemon [_thread_in_native, id=49860, stack(0x000000001fe20000,0x000000001ff20000)]
  0x000000001ee34800 JavaThread "RMI TCP Accept-0" daemon [_thread_in_native, id=40896, stack(0x000000001f970000,0x000000001fa70000)]
  0x000000001e6ee000 JavaThread "Service Thread" daemon [_thread_blocked, id=35408, stack(0x000000001f850000,0x000000001f950000)]
  0x000000001eb80800 JavaThread "C1 CompilerThread3" daemon [_thread_blocked, id=51536, stack(0x000000001f750000,0x000000001f850000)]
  0x000000001eb69800 JavaThread "C2 CompilerThread2" daemon [_thread_blocked, id=47300, stack(0x000000001f650000,0x000000001f750000)]
  0x000000001eb69000 JavaThread "C2 CompilerThread1" daemon [_thread_blocked, id=44200, stack(0x000000001f550000,0x000000001f650000)]
  0x000000001eb68000 JavaThread "C2 CompilerThread0" daemon [_thread_blocked, id=51468, stack(0x000000001f450000,0x000000001f550000)]
  0x000000001eb66800 JavaThread "Monitor Ctrl-Break" daemon [_thread_in_native, id=33196, stack(0x000000001f350000,0x000000001f450000)]
  0x000000001e38c000 JavaThread "Attach Listener" daemon [_thread_blocked, id=34468, stack(0x000000001ea50000,0x000000001eb50000)]
  0x000000001e38b800 JavaThread "Signal Dispatcher" daemon [_thread_blocked, id=51312, stack(0x000000001e950000,0x000000001ea50000)]
  0x000000001e310800 JavaThread "Finalizer" daemon [_thread_blocked, id=48172, stack(0x000000001e7f0000,0x000000001e8f0000)]
  0x0000000002aee000 JavaThread "Reference Handler" daemon [_thread_blocked, id=53912, stack(0x000000001e6f0000,0x000000001e7f0000)]

Other Threads:
  0x000000001c508000 VMThread [stack: 0x000000001e1f0000,0x000000001e2f0000] [id=46636]
  0x000000001ee3c000 WatcherThread [stack: 0x000000001fa70000,0x000000001fb70000] [id=24364]

VM state:synchronizing (normal execution)

VM Mutex/Monitor currently owned by a thread:  ([mutex/lock_event])
[0x00000000029f3560] Threads_lock - owner thread: 0x000000001c508000

OutOfMemory and StackOverflow Exception counts:
OutOfMemoryError java_heap_errors=1

heap address: 0x00000006c1c00000, size: 4068 MB, Compressed Oops mode: Zero based, Oop shift amount: 3
Narrow klass base: 0x0000000000000000, Narrow klass shift: 3
Compressed class space size: 1073741824 Address: 0x00000007c0000000

Heap:
 PSYoungGen      total 104960K, used 86528K [0x000000076b400000, 0x0000000775100000, 0x00000007c0000000)
  eden space 94208K, 91% used [0x000000076b400000,0x0000000770880020,0x0000000771000000)
  from space 10752K, 0% used [0x0000000771000000,0x0000000771000000,0x0000000771a80000)
  to   space 13824K, 0% used [0x0000000774380000,0x0000000774380000,0x0000000775100000)
 ParOldGen       total 110592K, used 17331K [0x00000006c1c00000, 0x00000006c8800000, 0x000000076b400000)
  object space 110592K, 15% used [0x00000006c1c00000,0x00000006c2cecdd8,0x00000006c8800000)
 Metaspace       used 41436K, capacity 43556K, committed 43776K, reserved 1087488K
  class space    used 5386K, capacity 5777K, committed 5888K, reserved 1048576K

Card table byte_map: [0x0000000011eb0000,0x00000000126b0000] byte_map_base: 0x000000000e8a2000

Marking Bits: (ParMarkBitMap*) 0x0000000067335ce0
 Begin Bits: [0x0000000013400000, 0x0000000017390000)
 End Bits:   [0x0000000017390000, 0x000000001b320000)

Polling page: 0x00000000027e0000

CodeCache: size=245760Kb used=7098Kb max_used=7098Kb free=238661Kb
 bounds [0x0000000002af0000, 0x00000000031e0000, 0x0000000011af0000]
 total_blobs=4104 nmethods=3596 adapters=420
 compilation: enabled

Compilation events (10 events):
Event: 19.547 Thread 0x000000001eb80800 3592       1       org.apache.tomcat.util.buf.AbstractChunk::<init> (20 bytes)
Event: 19.547 Thread 0x000000001eb80800 nmethod 3592 0x00000000031dd210 code [0x00000000031dd360, 0x00000000031dd470]
Event: 19.551 Thread 0x000000001eb80800 3593   !   1       sun.net.www.protocol.jar.JarFileFactory::getCachedJarFile (145 bytes)
Event: 19.552 Thread 0x000000001eb80800 nmethod 3593 0x00000000031dd4d0 code [0x00000000031dd6e0, 0x00000000031ddc98]
Event: 19.552 Thread 0x000000001eb80800 3594       1       org.apache.tomcat.util.buf.ByteChunk::<init> (15 bytes)
Event: 19.552 Thread 0x000000001eb80800 nmethod 3594 0x00000000031de290 code [0x00000000031de3e0, 0x00000000031de530]
Event: 19.552 Thread 0x000000001eb80800 3595       1       org.apache.tomcat.util.buf.MessageBytes::<init> (5 bytes)
Event: 19.552 Thread 0x000000001eb80800 nmethod 3595 0x00000000031de590 code [0x00000000031de6e0, 0x00000000031de808]
Event: 19.552 Thread 0x000000001eb80800 3596       1       org.apache.tomcat.util.buf.MessageBytes::<init> (52 bytes)
Event: 19.553 Thread 0x000000001eb80800 nmethod 3596 0x00000000031de890 code [0x00000000031de9e0, 0x00000000031dec10]

GC Heap History (10 events):
Event: 2.895 GC heap before
{Heap before GC invocations=3 (full 1):
 PSYoungGen      total 76288K, used 10720K [0x000000076b400000, 0x0000000774900000, 0x00000007c0000000)
  eden space 65536K, 0% used [0x000000076b400000,0x000000076b400000,0x000000076f400000)
  from space 10752K, 99% used [0x000000076fe80000,0x00000007708f83f0,0x0000000770900000)
  to   space 10752K, 0% used [0x000000076f400000,0x000000076f400000,0x000000076fe80000)
 ParOldGen       total 175104K, used 266K [0x00000006c1c00000, 0x00000006cc700000, 0x000000076b400000)
  object space 175104K, 0% used [0x00000006c1c00000,0x00000006c1c42a10,0x00000006cc700000)
 Metaspace       used 20531K, capacity 21228K, committed 21296K, reserved 1067008K
  class space    used 2743K, capacity 2918K, committed 2944K, reserved 1048576K
Event: 2.936 GC heap after
Heap after GC invocations=3 (full 1):
 PSYoungGen      total 76288K, used 0K [0x000000076b400000, 0x0000000774900000, 0x00000007c0000000)
  eden space 65536K, 0% used [0x000000076b400000,0x000000076b400000,0x000000076f400000)
  from space 10752K, 0% used [0x000000076fe80000,0x000000076fe80000,0x0000000770900000)
  to   space 10752K, 0% used [0x000000076f400000,0x000000076f400000,0x000000076fe80000)
 ParOldGen       total 110592K, used 10401K [0x00000006c1c00000, 0x00000006c8800000, 0x000000076b400000)
  object space 110592K, 9% used [0x00000006c1c00000,0x00000006c26287d0,0x00000006c8800000)
 Metaspace       used 20529K, capacity 21222K, committed 21296K, reserved 1067008K
  class space    used 2743K, capacity 2917K, committed 2944K, reserved 1048576K
}
Event: 3.511 GC heap before
{Heap before GC invocations=4 (full 1):
 PSYoungGen      total 76288K, used 65536K [0x000000076b400000, 0x0000000774900000, 0x00000007c0000000)
  eden space 65536K, 100% used [0x000000076b400000,0x000000076f400000,0x000000076f400000)
  from space 10752K, 0% used [0x000000076fe80000,0x000000076fe80000,0x0000000770900000)
  to   space 10752K, 0% used [0x000000076f400000,0x000000076f400000,0x000000076fe80000)
 ParOldGen       total 110592K, used 10401K [0x00000006c1c00000, 0x00000006c8800000, 0x000000076b400000)
  object space 110592K, 9% used [0x00000006c1c00000,0x00000006c26287d0,0x00000006c8800000)
 Metaspace       used 24238K, capacity 25278K, committed 25344K, reserved 1071104K
  class space    used 3328K, capacity 3561K, committed 3584K, reserved 1048576K
Event: 3.514 GC heap after
Heap after GC invocations=4 (full 1):
 PSYoungGen      total 76288K, used 6119K [0x000000076b400000, 0x0000000772500000, 0x00000007c0000000)
  eden space 65536K, 0% used [0x000000076b400000,0x000000076b400000,0x000000076f400000)
  from space 10752K, 56% used [0x000000076f400000,0x000000076f9f9d28,0x000000076fe80000)
  to   space 10752K, 0% used [0x0000000771a80000,0x0000000771a80000,0x0000000772500000)
 ParOldGen       total 110592K, used 10409K [0x00000006c1c00000, 0x00000006c8800000, 0x000000076b400000)
  object space 110592K, 9% used [0x00000006c1c00000,0x00000006c262a7d0,0x00000006c8800000)
 Metaspace       used 24238K, capacity 25278K, committed 25344K, reserved 1071104K
  class space    used 3328K, capacity 3561K, committed 3584K, reserved 1048576K
}
Event: 4.026 GC heap before
{Heap before GC invocations=5 (full 1):
 PSYoungGen      total 76288K, used 71655K [0x000000076b400000, 0x0000000772500000, 0x00000007c0000000)
  eden space 65536K, 100% used [0x000000076b400000,0x000000076f400000,0x000000076f400000)
  from space 10752K, 56% used [0x000000076f400000,0x000000076f9f9d28,0x000000076fe80000)
  to   space 10752K, 0% used [0x0000000771a80000,0x0000000771a80000,0x0000000772500000)
 ParOldGen       total 110592K, used 10409K [0x00000006c1c00000, 0x00000006c8800000, 0x000000076b400000)
  object space 110592K, 9% used [0x00000006c1c00000,0x00000006c262a7d0,0x00000006c8800000)
 Metaspace       used 29158K, capacity 30754K, committed 30976K, reserved 1075200K
  class space    used 3986K, capacity 4313K, committed 4352K, reserved 1048576K
Event: 4.034 GC heap after
Heap after GC invocations=5 (full 1):
 PSYoungGen      total 104960K, used 9005K [0x000000076b400000, 0x0000000772600000, 0x00000007c0000000)
  eden space 94208K, 0% used [0x000000076b400000,0x000000076b400000,0x0000000771000000)
  from space 10752K, 83% used [0x0000000771a80000,0x000000077234b478,0x0000000772500000)
  to   space 10752K, 0% used [0x0000000771000000,0x0000000771000000,0x0000000771a80000)
 ParOldGen       total 110592K, used 10417K [0x00000006c1c00000, 0x00000006c8800000, 0x000000076b400000)
  object space 110592K, 9% used [0x00000006c1c00000,0x00000006c262c7d0,0x00000006c8800000)
 Metaspace       used 29158K, capacity 30754K, committed 30976K, reserved 1075200K
  class space    used 3986K, capacity 4313K, committed 4352K, reserved 1048576K
}
Event: 5.739 GC heap before
{Heap before GC invocations=6 (full 1):
 PSYoungGen      total 104960K, used 69526K [0x000000076b400000, 0x0000000772600000, 0x00000007c0000000)
  eden space 94208K, 64% used [0x000000076b400000,0x000000076ef1a4e0,0x0000000771000000)
  from space 10752K, 83% used [0x0000000771a80000,0x000000077234b478,0x0000000772500000)
  to   space 10752K, 0% used [0x0000000771000000,0x0000000771000000,0x0000000771a80000)
 ParOldGen       total 110592K, used 10417K [0x00000006c1c00000, 0x00000006c8800000, 0x000000076b400000)
  object space 110592K, 9% used [0x00000006c1c00000,0x00000006c262c7d0,0x00000006c8800000)
 Metaspace       used 33704K, capacity 35378K, committed 35496K, reserved 1079296K
  class space    used 4485K, capacity 4799K, committed 4864K, reserved 1048576K
Event: 5.747 GC heap after
Heap after GC invocations=6 (full 1):
 PSYoungGen      total 104960K, used 10739K [0x000000076b400000, 0x0000000775100000, 0x00000007c0000000)
  eden space 94208K, 0% used [0x000000076b400000,0x000000076b400000,0x0000000771000000)
  from space 10752K, 99% used [0x0000000771000000,0x0000000771a7cd10,0x0000000771a80000)
  to   space 13824K, 0% used [0x0000000774380000,0x0000000774380000,0x0000000775100000)
 ParOldGen       total 110592K, used 11983K [0x00000006c1c00000, 0x00000006c8800000, 0x000000076b400000)
  object space 110592K, 10% used [0x00000006c1c00000,0x00000006c27b3f68,0x00000006c8800000)
 Metaspace       used 33704K, capacity 35378K, committed 35496K, reserved 1079296K
  class space    used 4485K, capacity 4799K, committed 4864K, reserved 1048576K
}
Event: 5.747 GC heap before
{Heap before GC invocations=7 (full 2):
 PSYoungGen      total 104960K, used 10739K [0x000000076b400000, 0x0000000775100000, 0x00000007c0000000)
  eden space 94208K, 0% used [0x000000076b400000,0x000000076b400000,0x0000000771000000)
  from space 10752K, 99% used [0x0000000771000000,0x0000000771a7cd10,0x0000000771a80000)
  to   space 13824K, 0% used [0x0000000774380000,0x0000000774380000,0x0000000775100000)
 ParOldGen       total 110592K, used 11983K [0x00000006c1c00000, 0x00000006c8800000, 0x000000076b400000)
  object space 110592K, 10% used [0x00000006c1c00000,0x00000006c27b3f68,0x00000006c8800000)
 Metaspace       used 33704K, capacity 35378K, committed 35496K, reserved 1079296K
  class space    used 4485K, capacity 4799K, committed 4864K, reserved 1048576K
Event: 5.791 GC heap after
Heap after GC invocations=7 (full 2):
 PSYoungGen      total 104960K, used 0K [0x000000076b400000, 0x0000000775100000, 0x00000007c0000000)
  eden space 94208K, 0% used [0x000000076b400000,0x000000076b400000,0x0000000771000000)
  from space 10752K, 0% used [0x0000000771000000,0x0000000771000000,0x0000000771a80000)
  to   space 13824K, 0% used [0x0000000774380000,0x0000000774380000,0x0000000775100000)
 ParOldGen       total 110592K, used 17331K [0x00000006c1c00000, 0x00000006c8800000, 0x000000076b400000)
  object space 110592K, 15% used [0x00000006c1c00000,0x00000006c2cecdd8,0x00000006c8800000)
 Metaspace       used 33704K, capacity 35378K, committed 35496K, reserved 1079296K
  class space    used 4485K, capacity 4799K, committed 4864K, reserved 1048576K
}

Deoptimization events (0 events):
No events

Classes redefined (0 events):
No events

Internal exceptions (10 events):
Event: 6.199 Thread 0x00000000029f7000 Exception <a 'java/lang/ArrayIndexOutOfBoundsException'> (0x000000076e86e950) thrown at [C:\re\workspace\8-2-build-windows-amd64-cygwin\jdk8u221\13320\hotspot\src\share\vm\runtime\sharedRuntime.cpp, line 605]
Event: 6.199 Thread 0x00000000029f7000 Exception <a 'java/lang/ArrayIndexOutOfBoundsException'> (0x000000076e86faa0) thrown at [C:\re\workspace\8-2-build-windows-amd64-cygwin\jdk8u221\13320\hotspot\src\share\vm\runtime\sharedRuntime.cpp, line 605]
Event: 6.223 Thread 0x00000000029f7000 Exception <a 'java/lang/IncompatibleClassChangeError': Found class java.lang.Object, but interface was expected> (0x000000076ead7ab0) thrown at [C:\re\workspace\8-2-build-windows-amd64-cygwin\jdk8u221\13320\hotspot\src\share\vm\interpreter\linkResolver.cp
Event: 6.285 Thread 0x00000000029f7000 Exception <a 'java/lang/ArrayIndexOutOfBoundsException'> (0x000000076f257c98) thrown at [C:\re\workspace\8-2-build-windows-amd64-cygwin\jdk8u221\13320\hotspot\src\share\vm\runtime\sharedRuntime.cpp, line 605]
Event: 6.286 Thread 0x00000000029f7000 Exception <a 'java/lang/ArrayIndexOutOfBoundsException'> (0x000000076f25b728) thrown at [C:\re\workspace\8-2-build-windows-amd64-cygwin\jdk8u221\13320\hotspot\src\share\vm\runtime\sharedRuntime.cpp, line 605]
Event: 6.292 Thread 0x00000000029f7000 Exception <a 'java/lang/ArrayIndexOutOfBoundsException'> (0x000000076f2eda78) thrown at [C:\re\workspace\8-2-build-windows-amd64-cygwin\jdk8u221\13320\hotspot\src\share\vm\runtime\sharedRuntime.cpp, line 605]
Event: 6.327 Thread 0x00000000029f7000 Exception <a 'java/lang/ArrayIndexOutOfBoundsException'> (0x000000076f5d2410) thrown at [C:\re\workspace\8-2-build-windows-amd64-cygwin\jdk8u221\13320\hotspot\src\share\vm\runtime\sharedRuntime.cpp, line 605]
Event: 6.328 Thread 0x00000000029f7000 Exception <a 'java/lang/ArrayIndexOutOfBoundsException'> (0x000000076f5dad60) thrown at [C:\re\workspace\8-2-build-windows-amd64-cygwin\jdk8u221\13320\hotspot\src\share\vm\runtime\sharedRuntime.cpp, line 605]
Event: 6.328 Thread 0x00000000029f7000 Exception <a 'java/lang/ArrayIndexOutOfBoundsException'> (0x000000076f5dcaf0) thrown at [C:\re\workspace\8-2-build-windows-amd64-cygwin\jdk8u221\13320\hotspot\src\share\vm\runtime\sharedRuntime.cpp, line 605]
Event: 19.553 Thread 0x0000000020e8a000 Exception <a 'java/lang/OutOfMemoryError': unable to create new native thread> (0x000000076fc2d938) thrown at [C:\re\workspace\8-2-build-windows-amd64-cygwin\jdk8u221\13320\hotspot\src\share\vm\prims\jvm.cpp, line 3141]

Events (10 events):
Event: 19.551 loading class org/apache/tomcat/util/http/parser/LocalStrings_zh_CN
Event: 19.551 loading class org/apache/tomcat/util/http/parser/LocalStrings_zh_CN done
Event: 19.552 loading class org/apache/tomcat/util/http/parser/LocalStrings_zh_Hans
Event: 19.552 loading class org/apache/tomcat/util/http/parser/LocalStrings_zh_Hans done
Event: 19.552 Thread 0x0000000020722000 Thread added: 0x0000000020722000
Event: 19.552 loading class org/apache/tomcat/util/http/parser/LocalStrings_zh_Hans_CN
Event: 19.552 loading class org/apache/tomcat/util/http/parser/LocalStrings_zh_Hans_CN done
Event: 19.553 loading class java/util/concurrent/RejectedExecutionException
Event: 19.554 Executing VM operation: RevokeBias
Event: 19.554 loading class java/util/concurrent/RejectedExecutionException done


Dynamic libraries:
0x00007ff6dd4f0000 - 0x00007ff6dd527000 	D:\Jdk\Jdk1.8\bin\java.exe
0x00007ff98a360000 - 0x00007ff98a550000 	C:\WINDOWS\SYSTEM32\ntdll.dll
0x00007ff989cd0000 - 0x00007ff989d82000 	C:\WINDOWS\System32\KERNEL32.DLL
0x00007ff987670000 - 0x00007ff987915000 	C:\WINDOWS\System32\KERNELBASE.dll
0x00007ff989460000 - 0x00007ff989503000 	C:\WINDOWS\System32\ADVAPI32.dll
0x00007ff989c30000 - 0x00007ff989cce000 	C:\WINDOWS\System32\msvcrt.dll
0x00007ff989b20000 - 0x00007ff989bb7000 	C:\WINDOWS\System32\sechost.dll
0x00007ff9898c0000 - 0x00007ff9899e0000 	C:\WINDOWS\System32\RPCRT4.dll
0x00007ff98a180000 - 0x00007ff98a314000 	C:\WINDOWS\System32\USER32.dll
0x00007ff987b80000 - 0x00007ff987ba1000 	C:\WINDOWS\System32\win32u.dll
0x00007ff989f20000 - 0x00007ff989f46000 	C:\WINDOWS\System32\GDI32.dll
0x00007ff9872d0000 - 0x00007ff987466000 	C:\WINDOWS\System32\gdi32full.dll
0x00007ff987bb0000 - 0x00007ff987c4e000 	C:\WINDOWS\System32\msvcp_win.dll
0x00007ff9879d0000 - 0x00007ff987aca000 	C:\WINDOWS\System32\ucrtbase.dll
0x00007ff973f90000 - 0x00007ff974214000 	C:\WINDOWS\WinSxS\amd64_microsoft.windows.common-controls_6595b64144ccf1df_6.0.18362.1256_none_9e7e379be45e40e2\COMCTL32.dll
0x00007ff988f70000 - 0x00007ff9892a6000 	C:\WINDOWS\System32\combase.dll
0x00007ff987470000 - 0x00007ff9874f1000 	C:\WINDOWS\System32\bcryptPrimitives.dll
0x00007ff989e00000 - 0x00007ff989e2e000 	C:\WINDOWS\System32\IMM32.DLL
0x00000000673c0000 - 0x0000000067492000 	D:\Jdk\Jdk1.8\jre\bin\msvcr100.dll
0x0000000066b10000 - 0x00000000673b5000 	D:\Jdk\Jdk1.8\jre\bin\server\jvm.dll
0x00007ff989f10000 - 0x00007ff989f18000 	C:\WINDOWS\System32\PSAPI.DLL
0x00007ff984ef0000 - 0x00007ff984f14000 	C:\WINDOWS\SYSTEM32\WINMM.dll
0x00007ff96b260000 - 0x00007ff96b269000 	C:\WINDOWS\SYSTEM32\WSOCK32.dll
0x00007ff982810000 - 0x00007ff98281a000 	C:\WINDOWS\SYSTEM32\VERSION.dll
0x00007ff989bc0000 - 0x00007ff989c2f000 	C:\WINDOWS\System32\WS2_32.dll
0x00007ff984a70000 - 0x00007ff984a9d000 	C:\WINDOWS\SYSTEM32\WINMMBASE.dll
0x00007ff987920000 - 0x00007ff98796a000 	C:\WINDOWS\System32\cfgmgr32.dll
0x00007ff97e450000 - 0x00007ff97e45f000 	D:\Jdk\Jdk1.8\jre\bin\verify.dll
0x00007ff9792e0000 - 0x00007ff979309000 	D:\Jdk\Jdk1.8\jre\bin\java.dll
0x00007ff9623a0000 - 0x00007ff9623c3000 	D:\Jdk\Jdk1.8\jre\bin\instrument.dll
0x00007ff9792c0000 - 0x00007ff9792d6000 	D:\Jdk\Jdk1.8\jre\bin\zip.dll
0x00007ff988880000 - 0x00007ff988f67000 	C:\WINDOWS\System32\SHELL32.dll
0x00007ff989650000 - 0x00007ff9896f9000 	C:\WINDOWS\System32\shcore.dll
0x00007ff987c80000 - 0x00007ff988401000 	C:\WINDOWS\System32\windows.storage.dll
0x00007ff9872a0000 - 0x00007ff9872c3000 	C:\WINDOWS\System32\profapi.dll
0x00007ff987250000 - 0x00007ff98729a000 	C:\WINDOWS\System32\powrprof.dll
0x00007ff987200000 - 0x00007ff987210000 	C:\WINDOWS\System32\UMPDC.dll
0x00007ff989da0000 - 0x00007ff989df2000 	C:\WINDOWS\System32\shlwapi.dll
0x00007ff987210000 - 0x00007ff987221000 	C:\WINDOWS\System32\kernel.appcore.dll
0x00007ff987500000 - 0x00007ff987517000 	C:\WINDOWS\System32\cryptsp.dll
0x00007ff97fe50000 - 0x00007ff97fe6a000 	D:\Idea\IntelliJ IDEA 2019.2\bin\breakgen64.dll
0x00007ff96cdc0000 - 0x00007ff96cdda000 	D:\Jdk\Jdk1.8\jre\bin\net.dll
0x00007ff978220000 - 0x00007ff9783f6000 	C:\WINDOWS\SYSTEM32\urlmon.dll
0x00007ff96eed0000 - 0x00007ff96f177000 	C:\WINDOWS\SYSTEM32\iertutil.dll
0x00007ff986c20000 - 0x00007ff986c2c000 	C:\WINDOWS\SYSTEM32\CRYPTBASE.DLL
0x00007ff986a50000 - 0x00007ff986ab7000 	C:\WINDOWS\system32\mswsock.dll
0x00007ff9867a0000 - 0x00007ff98686b000 	C:\WINDOWS\SYSTEM32\DNSAPI.dll
0x00007ff989e30000 - 0x00007ff989e38000 	C:\WINDOWS\System32\NSI.dll
0x00007ff986760000 - 0x00007ff98679a000 	C:\WINDOWS\SYSTEM32\IPHLPAPI.DLL
0x00007ff973950000 - 0x00007ff97395a000 	C:\Windows\System32\rasadhlp.dll
0x00007ff979060000 - 0x00007ff9790d7000 	C:\WINDOWS\System32\fwpuclnt.dll
0x00007ff987c50000 - 0x00007ff987c76000 	C:\WINDOWS\System32\bcrypt.dll
0x00007ff97a070000 - 0x00007ff97a07d000 	D:\Jdk\Jdk1.8\jre\bin\management.dll
0x00007ff969f30000 - 0x00007ff969f42000 	D:\Jdk\Jdk1.8\jre\bin\nio.dll
0x00007ff9865c0000 - 0x00007ff9865f3000 	C:\WINDOWS\system32\rsaenh.dll
0x00007ff987120000 - 0x00007ff987145000 	C:\WINDOWS\SYSTEM32\USERENV.dll
0x00007ff979040000 - 0x00007ff979056000 	C:\WINDOWS\SYSTEM32\dhcpcsvc6.DLL
0x00007ff978fb0000 - 0x00007ff978fcc000 	C:\WINDOWS\SYSTEM32\dhcpcsvc.DLL
0x00007ff969a80000 - 0x00007ff969a96000 	C:\WINDOWS\system32\napinsp.dll
0x00007ff969eb0000 - 0x00007ff969eca000 	C:\WINDOWS\system32\pnrpnsp.dll
0x00007ff969ea0000 - 0x00007ff969eae000 	C:\WINDOWS\System32\winrnr.dll
0x00007ff983620000 - 0x00007ff98363c000 	C:\WINDOWS\system32\NLAapi.dll
0x00007ff982820000 - 0x00007ff982835000 	C:\WINDOWS\system32\wshbth.dll

VM Arguments:
jvm_args: -XX:TieredStopAtLevel=1 -Xverify:none -Dspring.output.ansi.enabled=always -Dcom.sun.management.jmxremote -Dspring.jmx.enabled=true -Dspring.liveBeansView.mbeanDomain -Dspring.application.admin.enabled=true -javaagent:D:\Idea\IntelliJ IDEA 2019.2\lib\idea_rt.jar=50327:D:\Idea\IntelliJ IDEA 2019.2\bin -Dfile.encoding=UTF-8 
java_command: com.twotrance.alone.AloneApplication
java_class_path (initial): D:\Jdk\Jdk1.8\jre\lib\charsets.jar;D:\Jdk\Jdk1.8\jre\lib\deploy.jar;D:\Jdk\Jdk1.8\jre\lib\ext\access-bridge-64.jar;D:\Jdk\Jdk1.8\jre\lib\ext\cldrdata.jar;D:\Jdk\Jdk1.8\jre\lib\ext\dnsns.jar;D:\Jdk\Jdk1.8\jre\lib\ext\jaccess.jar;D:\Jdk\Jdk1.8\jre\lib\ext\jfxrt.jar;D:\Jdk\Jdk1.8\jre\lib\ext\localedata.jar;D:\Jdk\Jdk1.8\jre\lib\ext\nashorn.jar;D:\Jdk\Jdk1.8\jre\lib\ext\sunec.jar;D:\Jdk\Jdk1.8\jre\lib\ext\sunjce_provider.jar;D:\Jdk\Jdk1.8\jre\lib\ext\sunmscapi.jar;D:\Jdk\Jdk1.8\jre\lib\ext\sunpkcs11.jar;D:\Jdk\Jdk1.8\jre\lib\ext\zipfs.jar;D:\Jdk\Jdk1.8\jre\lib\javaws.jar;D:\Jdk\Jdk1.8\jre\lib\jce.jar;D:\Jdk\Jdk1.8\jre\lib\jfr.jar;D:\Jdk\Jdk1.8\jre\lib\jfxswt.jar;D:\Jdk\Jdk1.8\jre\lib\jsse.jar;D:\Jdk\Jdk1.8\jre\lib\management-agent.jar;D:\Jdk\Jdk1.8\jre\lib\plugin.jar;D:\Jdk\Jdk1.8\jre\lib\resources.jar;D:\Jdk\Jdk1.8\jre\lib\rt.jar;E:\JavaProject\alone\target\classes;D:\Maven\repository\org\springframework\boot\spring-boot-starter-web\2.2.5.RELEASE\spring-boot-starter-web-2.2.5.RELEASE.jar;D:\Maven\repository\org\springframework\boot\spring-boot-starter\2.2.5.RELEASE\spring-boot-starter-2.2.5.RELEASE.jar;D:\Maven\repository\org\springframework\boot\spring-boot\2.2.5.RELEASE\spring-boot-2.2.5.RELEASE.jar;D:\Maven\repository\org\springframework\boot\spring-boot-starter-logging\2.2.5.RELEASE\spring-boot-starter-logging-2.2.5.RELEASE.jar;D:\Maven\repository\ch\qos\logback\logback-classic\1.2.3\logback-classic-1.2.3.jar;D:\Maven\repository\ch\qos\logback\logback-core\1.2.3\logback-core-1.2.3.jar;D:\Maven\repository\org\apache\logging\log4j\log4j-to-slf4j\2.12.1\log4j-to-slf4j-2.12.1.jar;D:\Maven\repository\org\apache\logging\log4j\log4j-api\2.12.1\log4j-api-2.12.1.jar;D:\Maven\repository\org\slf4j\jul-to-slf4j\1.7.30\jul-to-slf4j-1.7.30.jar;D:\Maven\repository\jakarta\annotation\jakarta.annotation-api\1.3.5\jakarta.annotation-api-1.3.5.jar;D:\Maven\repository\org\yaml\snakeyaml\1.25\snakeyaml-1.25.jar;D:\Maven\repository\org\springframework\boot\s
Launcher Type: SUN_STANDARD

Environment Variables:
JAVA_HOME=D:\Jdk\Jdk1.8
PATH=D:\Idea\IntelliJ IDEA 2019.2\jbr\\bin;D:\Idea\IntelliJ IDEA 2019.2\jbr\\bin\server;D:\Idea\IntelliJ IDEA 2019.2\jbr\\bin;D:\Idea\IntelliJ IDEA 2019.2\jbr\\bin\server;D:\NodeJS32\;C:\Program Files (x86)\Intel\Intel(R) Management Engine Components\iCLS\;C:\Program Files\Intel\Intel(R) Management Engine Components\iCLS\;C:\Windows\system32;C:\Windows;C:\Windows\System32\Wbem;C:\Windows\System32\WindowsPowerShell\v1.0\;C:\Windows\System32\OpenSSH\;C:\Program Files (x86)\Intel\Intel(R) Management Engine Components\DAL;C:\Program Files\Intel\Intel(R) Management Engine Components\DAL;C:\Program Files (x86)\Intel\Intel(R) Management Engine Components\IPT;C:\Program Files\Intel\Intel(R) Management Engine Components\IPT;C:\Program Files (x86)\NVIDIA Corporation\PhysX\Common;C:\Program Files\NVIDIA Corporation\NVIDIA NvDLISR;C:\Program Files\Intel\WiFi\bin\;C:\Program Files\Common Files\Intel\WirelessCommon\;D:\SDK\platform-tools;D:\Jdk\Jdk1.8\bin;D:\Kotlin\kotlinc1.3.61\bin;D:\MySQL\mysql-8.0.15-winx64\bin;D:\Svn\bin;D:\Maven\apache-maven-3.6.0\bin;C:\ProgramData\chocolatey\bin;D:\Gradle\gradle-5.5\bin;D:\Protobuf\protoc-3.10.0-win64\bin;D:\Flutter\flutter1.9.1\bin;D:\SDK\tools;D:\Thirft\Thirft0.13.0;D:\PySDK\python2.7.3;D:\GoLang\go1.14.3\bin;C:\WINDOWS\system32;C:\WINDOWS;C:\WINDOWS\System32\Wbem;C:\WINDOWS\System32\WindowsPowerShell\v1.0\;C:\WINDOWS\System32\OpenSSH\;D:\Git\cmd;D:\OpenSLL\OpenSSL-Win64\bin;D:\ZooKeeper\apache-zookeeper-3.6.2-bin\bin;C:\Users\10878\AppData\Local\Microsoft\WindowsApps;;D:\VSCode\Microsoft VS Code\bin;D:\PyCharm\PyCharm 2019.3.3\bin;;D:\DockerToolBox\Docker Toolbox;C:\Users\10878\AppData\Roaming\npm
USERNAME=10878
OS=Windows_NT
PROCESSOR_IDENTIFIER=Intel64 Family 6 Model 142 Stepping 10, GenuineIntel



---------------  S Y S T E M  ---------------

OS: Windows 10.0 , 64 bit Build 18362 (10.0.18362.1110)

CPU:total 8 (initial active 8) (4 cores per cpu, 2 threads per core) family 6 model 142 stepping 10, cmov, cx8, fxsr, mmx, sse, sse2, sse3, ssse3, sse4.1, sse4.2, popcnt, avx, avx2, aes, clmul, erms, 3dnowpref, lzcnt, ht, tsc, tscinvbit, bmi1, bmi2, adx

Memory: 4k page, physical 16658532k(5473240k free), swap 23629760k(1312k free)

vm_info: Java HotSpot(TM) 64-Bit Server VM (25.221-b11) for windows-amd64 JRE (1.8.0_221-b11), built on Jul  4 2019 04:39:29 by "java_re" with MS VC++ 10.0 (VS2010)

time: Thu Jan 21 06:21:12 2021
timezone: 中国标准时间
elapsed time: 19 seconds (0d 0h 0m 19s)

